Arguments: 
  /usr/local/bin/node /Users/coco/.yarn/bin/yarn.js add express --save

PATH: 
  /Users/coco/.yarn/bin:/Users/coco/.config/yarn/global/node_modules/.bin:/usr/local/bin:/usr/bin:/bin:/usr/sbin:/sbin:/Users/coco/.yarn/bin:/Users/coco/.config/yarn/global/node_modules/.bin

Yarn version: 
  1.13.0

Node version: 
  11.10.0

Platform: 
  darwin x64

Trace: 
  SyntaxError: /Users/coco/node/package.json: Unexpected end of JSON input
      at JSON.parse (<anonymous>)
      at /Users/coco/.yarn/lib/cli.js:1625:59
      at Generator.next (<anonymous>)
      at step (/Users/coco/.yarn/lib/cli.js:304:30)
      at /Users/coco/.yarn/lib/cli.js:315:13

npm manifest: 
  

yarn manifest: 
  No manifest

Lockfile: 
  No lockfile
